# JRE version: Java(TM) SE Runtime Environment (20.0.1+9) (build 20.0.1+9-29)
# Java VM: Java HotSpot(TM) 64-Bit Server VM (20.0.1+9-29, mixed mode, sharing, tiered, compressed oops, compressed class ptrs, g1 gc, windows-amd64)
GC Precious Log:
 CardTable entry size: 512
 Card Set container configuration: InlinePtr #cards 5 size 8 Array Of Cards #cards 12 size 40 Howl #buckets 4 coarsen threshold 1843 Howl Bitmap #cards 512 size 80 coarsen threshold 460 Card regions per heap region 1 cards per card region 2048
 CPUs: 4 total, 4 available
 Memory: 8025M
 Large Page Support: Disabled
 NUMA Support: Disabled
 Compressed Oops: Enabled (32-bit)
 Heap Region Size: 1M
 Heap Min Capacity: 8M
 Heap Initial Capacity: 126M
 Heap Max Capacity: 2G
 Pre-touch: Disabled
 Parallel Workers: 4
 Concurrent Workers: 1
 Concurrent Refinement Workers: 4
 Periodic GC: Disabled
Heap:
 garbage-first heap   total 324608K, used 294054K [0x0000000080000000, 0x0000000100000000)
  region size 1024K, 118 young (120832K), 13 survivors (13312K)
 Metaspace       used 174946K, committed 177920K, reserved 1245184K
  class space    used 22513K, committed 24000K, reserved 1048576K
GC Heap History (20 events):
Event: 111.593 GC heap after
{Heap after GC invocations=51 (full 0):
 garbage-first heap   total 278528K, used 155928K [0x0000000080000000, 0x0000000100000000)
  region size 1024K, 5 young (5120K), 5 survivors (5120K)
 Metaspace       used 132709K, committed 135168K, reserved 1179648K
  class space    used 16823K, committed 18048K, reserved 1048576K
}
Event: 114.333 GC heap before
{Heap before GC invocations=51 (full 0):
 garbage-first heap   total 278528K, used 251160K [0x0000000080000000, 0x0000000100000000)
  region size 1024K, 91 young (93184K), 5 survivors (5120K)
 Metaspace       used 138329K, committed 140928K, reserved 1179648K
  class space    used 17639K, committed 18944K, reserved 1048576K
}
Event: 114.351 GC heap after
{Heap after GC invocations=52 (full 0):
 garbage-first heap   total 278528K, used 162662K [0x0000000080000000, 0x0000000100000000)
  region size 1024K, 12 young (12288K), 12 survivors (12288K)
 Metaspace       used 138329K, committed 140928K, reserved 1179648K
  class space    used 17639K, committed 18944K, reserved 1048576K
}
Event: 115.400 GC heap before
{Heap before GC invocations=52 (full 0):
 garbage-first heap   total 278528K, used 194406K [0x0000000080000000, 0x0000000100000000)
  region size 1024K, 45 young (46080K), 12 survivors (12288K)
 Metaspace       used 141563K, committed 144256K, reserved 1179648K
  class space    used 18041K, committed 19392K, reserved 1048576K
}
Event: 115.415 GC heap after
{Heap after GC invocations=53 (full 0):
 garbage-first heap   total 278528K, used 165113K [0x0000000080000000, 0x0000000100000000)
  region size 1024K, 2 young (2048K), 2 survivors (2048K)
 Metaspace       used 141563K, committed 144256K, reserved 1179648K
  class space    used 18041K, committed 19392K, reserved 1048576K
}
Event: 118.118 GC heap before
{Heap before GC invocations=54 (full 0):
 garbage-first heap   total 288768K, used 254201K [0x0000000080000000, 0x0000000100000000)
  region size 1024K, 88 young (90112K), 2 survivors (2048K)
 Metaspace       used 147749K, committed 150464K, reserved 1179648K
  class space    used 18838K, committed 20160K, reserved 1048576K
}
Event: 118.132 GC heap after
{Heap after GC invocations=55 (full 0):
 garbage-first heap   total 288768K, used 169499K [0x0000000080000000, 0x0000000100000000)
  region size 1024K, 6 young (6144K), 6 survivors (6144K)
 Metaspace       used 147749K, committed 150464K, reserved 1179648K
  class space    used 18838K, committed 20160K, reserved 1048576K
}
Event: 120.362 GC heap before
{Heap before GC invocations=55 (full 0):
 garbage-first heap   total 288768K, used 262683K [0x0000000080000000, 0x0000000100000000)
  region size 1024K, 97 young (99328K), 6 survivors (6144K)
 Metaspace       used 148931K, committed 151616K, reserved 1245184K
  class space    used 18922K, committed 20288K, reserved 1048576K
}
Event: 120.374 GC heap after
{Heap after GC invocations=56 (full 0):
 garbage-first heap   total 288768K, used 163704K [0x0000000080000000, 0x0000000100000000)
  region size 1024K, 6 young (6144K), 6 survivors (6144K)
 Metaspace       used 148931K, committed 151616K, reserved 1245184K
  class space    used 18922K, committed 20288K, reserved 1048576K
}
Event: 120.916 GC heap before
{Heap before GC invocations=56 (full 0):
 garbage-first heap   total 288768K, used 199544K [0x0000000080000000, 0x0000000100000000)
  region size 1024K, 42 young (43008K), 6 survivors (6144K)
 Metaspace       used 149319K, committed 152000K, reserved 1245184K
  class space    used 18959K, committed 20288K, reserved 1048576K
}
Event: 120.932 GC heap after
{Heap after GC invocations=57 (full 0):
 garbage-first heap   total 288768K, used 168300K [0x0000000080000000, 0x0000000100000000)
  region size 1024K, 11 young (11264K), 11 survivors (11264K)
 Metaspace       used 149319K, committed 152000K, reserved 1245184K
  class space    used 18959K, committed 20288K, reserved 1048576K
}
Event: 122.537 GC heap before
{Heap before GC invocations=58 (full 0):
 garbage-first heap   total 324608K, used 260460K [0x0000000080000000, 0x0000000100000000)
  region size 1024K, 100 young (102400K), 11 survivors (11264K)
 Metaspace       used 149774K, committed 152448K, reserved 1245184K
  class space    used 18978K, committed 20288K, reserved 1048576K
}
Event: 122.565 GC heap after
{Heap after GC invocations=59 (full 0):
 garbage-first heap   total 324608K, used 176977K [0x0000000080000000, 0x0000000100000000)
  region size 1024K, 13 young (13312K), 13 survivors (13312K)
 Metaspace       used 149774K, committed 152448K, reserved 1245184K
  class space    used 18978K, committed 20288K, reserved 1048576K
}
Event: 126.574 GC heap before
{Heap before GC invocations=59 (full 0):
 garbage-first heap   total 324608K, used 292689K [0x0000000080000000, 0x0000000100000000)
  region size 1024K, 126 young (129024K), 13 survivors (13312K)
 Metaspace       used 157802K, committed 160576K, reserved 1245184K
  class space    used 20006K, committed 21376K, reserved 1048576K
}
Event: 126.606 GC heap after
{Heap after GC invocations=60 (full 0):
 garbage-first heap   total 324608K, used 181248K [0x0000000080000000, 0x0000000100000000)
  region size 1024K, 7 young (7168K), 7 survivors (7168K)
 Metaspace       used 157802K, committed 160576K, reserved 1245184K
  class space    used 20006K, committed 21376K, reserved 1048576K
}
Event: 131.780 GC heap before
{Heap before GC invocations=60 (full 0):
 garbage-first heap   total 324608K, used 277504K [0x0000000080000000, 0x0000000100000000)
  region size 1024K, 102 young (104448K), 7 survivors (7168K)
 Metaspace       used 164851K, committed 167744K, reserved 1245184K
  class space    used 21112K, committed 22528K, reserved 1048576K
}
Event: 131.804 GC heap after
{Heap after GC invocations=61 (full 0):
 garbage-first heap   total 324608K, used 177664K [0x0000000080000000, 0x0000000100000000)
  region size 1024K, 10 young (10240K), 10 survivors (10240K)
 Metaspace       used 164851K, committed 167744K, reserved 1245184K
  class space    used 21112K, committed 22528K, reserved 1048576K
}
Event: 146.546 GC heap before
{Heap before GC invocations=62 (full 0):
 garbage-first heap   total 324608K, used 296448K [0x0000000080000000, 0x0000000100000000)
  region size 1024K, 125 young (128000K), 10 survivors (10240K)
 Metaspace       used 170254K, committed 173184K, reserved 1245184K
  class space    used 21906K, committed 23360K, reserved 1048576K
}
Event: 146.589 GC heap after
{Heap after GC invocations=63 (full 0):
 garbage-first heap   total 324608K, used 186534K [0x0000000080000000, 0x0000000100000000)
  region size 1024K, 12 young (12288K), 12 survivors (12288K)
 Metaspace       used 170254K, committed 173184K, reserved 1245184K
  class space    used 21906K, committed 23360K, reserved 1048576K
}
Event: 173.266 GC heap before
{Heap before GC invocations=63 (full 0):
 garbage-first heap   total 324608K, used 294054K [0x0000000080000000, 0x0000000100000000)
  region size 1024K, 117 young (119808K), 12 survivors (12288K)
 Metaspace       used 174946K, committed 177920K, reserved 1245184K
  class space    used 22513K, committed 24000K, reserved 1048576K
}

